#
# A fatal error has been detected by the Java Runtime Environment:
#
#  EXCEPTION_ACCESS_VIOLATION (0xc0000005) at pc=0x00007ff8d5f40d22, pid=25352, tid=11564
#
# JRE version: OpenJDK Runtime Environment (15.0.2+7) (build 15.0.2+7-27)
# Java VM: OpenJDK 64-Bit Server VM (15.0.2+7-27, mixed mode, sharing, tiered, compressed oops, g1 gc, windows-amd64)
# Problematic frame:
# C  0x00007ff8d5f40d22
#
# No core dump will be written. Minidumps are not enabled by default on client versions of Windows
#
# If you would like to submit a bug report, please visit:
#   https://bugreport.java.com/bugreport/crash.jsp
# The crash happened outside the Java Virtual Machine in native code.
# See problematic frame for where to report the bug.
#

---------------  S U M M A R Y ------------

Command Line: -javaagent:C:\Program Files\JetBrains\IntelliJ IDEA Community Edition 2020.2.1\lib\idea_rt.jar=56904:C:\Program Files\JetBrains\IntelliJ IDEA Community Edition 2020.2.1\bin -Dfile.encoding=UTF-8 com.neet.Main.Game

Host: Intel(R) Core(TM) i7-9700KF CPU @ 3.60GHz, 8 cores, 15G,  Windows 10 , 64 bit Build 18362 (10.0.18362.1316)
Time: Tue Feb  2 12:04:13 2021 RTZ 2 (ceia) elapsed time: 25.605086 seconds (0d 0h 0m 25s)

---------------  T H R E A D  ---------------

Current thread (0x000001abfa3088e0):  JavaThread "Thread-0" [_thread_in_native, id=11564, stack(0x0000001437030000,0x0000001437130000)]

Stack: [0x0000001437030000,0x0000001437130000],  sp=0x000000143712e460,  free space=1017k
Native frames: (J=compiled Java code, j=interpreted, Vv=VM code, C=native code)
C  0x00007ff8d5f40d22

Java frames: (J=compiled Java code, j=interpreted, Vv=VM code)
j  sun.java2d.d3d.D3DSurfaceData.initOps(III)V+0 java.desktop@15.0.2
j  sun.java2d.d3d.D3DSurfaceData.<init>(Lsun/awt/windows/WComponentPeer;Lsun/java2d/d3d/D3DGraphicsConfig;IILjava/awt/Image;Ljava/awt/image/ColorModel;IILsun/java2d/pipe/hw/ExtendedBufferCapabilities$VSyncType;I)V+212 java.desktop@15.0.2
j  sun.java2d.d3d.D3DSurfaceData.createData(Lsun/java2d/d3d/D3DGraphicsConfig;IILjava/awt/image/ColorModel;Ljava/awt/Image;I)Lsun/java2d/d3d/D3DSurfaceData;+70 java.desktop@15.0.2
j  sun.java2d.d3d.D3DGraphicsConfig.createManagedSurface(III)Lsun/java2d/SurfaceData;+10 java.desktop@15.0.2
j  sun.java2d.d3d.D3DSurfaceDataProxy.validateSurfaceData(Lsun/java2d/SurfaceData;Lsun/java2d/SurfaceData;II)Lsun/java2d/SurfaceData;+22 java.desktop@15.0.2
J 1694 c1 sun.java2d.SurfaceDataProxy.replaceData(Lsun/java2d/SurfaceData;ILsun/java2d/loops/CompositeType;Ljava/awt/Color;)Lsun/java2d/SurfaceData; java.desktop@15.0.2 (329 bytes) @ 0x000001abdd9f99a4 [0x000001abdd9f9120+0x0000000000000884]
J 1757 c1 sun.java2d.SurfaceData.getSourceSurfaceData(Ljava/awt/Image;ILsun/java2d/loops/CompositeType;Ljava/awt/Color;)Lsun/java2d/SurfaceData; java.desktop@15.0.2 (110 bytes) @ 0x000001abdda1b894 [0x000001abdda1aec0+0x00000000000009d4]
J 1733 c1 sun.java2d.pipe.DrawImage.renderImageScale(Lsun/java2d/SunGraphics2D;Ljava/awt/Image;Ljava/awt/Color;IIIIIDDDD)Z java.desktop@15.0.2 (158 bytes) @ 0x000001abdda0e3ac [0x000001abdda0e100+0x00000000000002ac]
J 1532 c1 sun.java2d.pipe.DrawImage.scaleImage(Lsun/java2d/SunGraphics2D;Ljava/awt/Image;IIIILjava/awt/Color;)Z java.desktop@15.0.2 (186 bytes) @ 0x000001abdd9b2564 [0x000001abdd9b2040+0x0000000000000524]
J 1501 c1 sun.java2d.pipe.DrawImage.scaleImage(Lsun/java2d/SunGraphics2D;Ljava/awt/Image;IIIILjava/awt/Color;Ljava/awt/image/ImageObserver;)Z java.desktop@15.0.2 (68 bytes) @ 0x000001abdd9a767c [0x000001abdd9a7180+0x00000000000004fc]
J 1693 c1 sun.java2d.pipe.ValidatePipe.scaleImage(Lsun/java2d/SunGraphics2D;Ljava/awt/Image;IIIILjava/awt/Color;Ljava/awt/image/ImageObserver;)Z java.desktop@15.0.2 (33 bytes) @ 0x000001abdd9f89b4 [0x000001abdd9f8680+0x0000000000000334]
J 1500 c1 sun.java2d.SunGraphics2D.drawImage(Ljava/awt/Image;IIIILjava/awt/Color;Ljava/awt/image/ImageObserver;)Z java.desktop@15.0.2 (202 bytes) @ 0x000001abdd9a6154 [0x000001abdd9a5c00+0x0000000000000554]
J 1499 c1 sun.java2d.SunGraphics2D.drawImage(Ljava/awt/Image;IIIILjava/awt/image/ImageObserver;)Z java.desktop@15.0.2 (15 bytes) @ 0x000001abdd9a57c4 [0x000001abdd9a5740+0x0000000000000084]
J 1692 c1 com.neet.Main.GamePanel.drawToScreen()V (121 bytes) @ 0x000001abdd9f7b4c [0x000001abdd9f7960+0x00000000000001ec]
j  com.neet.Main.GamePanel.run()V+24
j  java.lang.Thread.run()V+11 java.base@15.0.2
v  ~StubRoutines::call_stub

siginfo: EXCEPTION_ACCESS_VIOLATION (0xc0000005), data execution prevention violation at address 0x00007ff8d5f40d22


Register to memory mapping:

RIP=0x00007ff8d5f40d22 is an unknown value
RAX=0x0000000000000001 is an unknown value
RBX=0x0000000000010001 is an unknown value
RCX=0xa263c4581f2d0000 is an unknown value
RDX=0x000001abd34c32a0 points into unknown readable memory: 0x0000000000010001 | 01 00 01 00 00 00 00 00
RSP=0x000000143712e460 is pointing into the stack for thread: 0x000001abfa3088e0
RBP=0x0000000000010001 is an unknown value
RSI=0x0 is NULL
RDI=0x000000143712e630 is pointing into the stack for thread: 0x000001abfa3088e0
R8 =0x0 is NULL
R9 =0x000000143712e4e5 is pointing into the stack for thread: 0x000001abfa3088e0
R10=0x00007ff5663f0222 points into unknown readable memory: 00 01 02 03 04 05
R11=0x000000143712e4f8 is pointing into the stack for thread: 0x000001abfa3088e0
R12=0x0 is NULL
R13=0x0 is NULL
R14=0x0 is NULL
R15=0x0 is NULL


Registers:
RAX=0x0000000000000001, RBX=0x0000000000010001, RCX=0xa263c4581f2d0000, RDX=0x000001abd34c32a0
RSP=0x000000143712e460, RBP=0x0000000000010001, RSI=0x0000000000000000, RDI=0x000000143712e630
R8 =0x0000000000000000, R9 =0x000000143712e4e5, R10=0x00007ff5663f0222, R11=0x000000143712e4f8
R12=0x0000000000000000, R13=0x0000000000000000, R14=0x0000000000000000, R15=0x0000000000000000
RIP=0x00007ff8d5f40d22, EFLAGS=0x0000000000010202

Top of Stack: (sp=0x000000143712e460)
0x000000143712e460:   000001abfa2bc4a0 000001ab8201c9a0
0x000000143712e470:   0000000000010001 000001abf9134c70
0x000000143712e480:   0000000000000028 0000078000000000
0x000000143712e490:   0000000000000438 0000078000000000
0x000000143712e4a0:   000000010000041a 0000000800000005
0x000000143712e4b0:   0000000000000048 0000078000000000
0x000000143712e4c0:   0000000000000438 0000078000000000
0x000000143712e4d0:   000000010000041a 505349445c2e5c5c
0x000000143712e4e0:   000001003159414c 0000000000000000
0x000000143712e4f0:   000001abfa3088e0 000001abfa308c08
0x000000143712e500:   00006ca26be02e62 00007ff85f3ac6ce
0x000000143712e510:   0000000000000000 00007ff8e23d7568
0x000000143712e520:   000000143712e608 0000000000000000
0x000000143712e530:   000001abf98c6520 000000143712e588
0x000000143712e540:   000001abfa3088e0 0000001400000008
0x000000143712e550:   000000143712e5d8 0000000000000000 

Instructions: (pc=0x00007ff8d5f40d22)
0x00007ff8d5f40c22:   ?? ?? ?? ?? ?? ?? ?? ?? ?? ?? ?? ?? ?? ?? ?? ??
0x00007ff8d5f40c32:   ?? ?? ?? ?? ?? ?? ?? ?? ?? ?? ?? ?? ?? ?? ?? ??
0x00007ff8d5f40c42:   ?? ?? ?? ?? ?? ?? ?? ?? ?? ?? ?? ?? ?? ?? ?? ??
0x00007ff8d5f40c52:   ?? ?? ?? ?? ?? ?? ?? ?? ?? ?? ?? ?? ?? ?? ?? ??
0x00007ff8d5f40c62:   ?? ?? ?? ?? ?? ?? ?? ?? ?? ?? ?? ?? ?? ?? ?? ??
0x00007ff8d5f40c72:   ?? ?? ?? ?? ?? ?? ?? ?? ?? ?? ?? ?? ?? ?? ?? ??
0x00007ff8d5f40c82:   ?? ?? ?? ?? ?? ?? ?? ?? ?? ?? ?? ?? ?? ?? ?? ??
0x00007ff8d5f40c92:   ?? ?? ?? ?? ?? ?? ?? ?? ?? ?? ?? ?? ?? ?? ?? ??
0x00007ff8d5f40ca2:   ?? ?? ?? ?? ?? ?? ?? ?? ?? ?? ?? ?? ?? ?? ?? ??
0x00007ff8d5f40cb2:   ?? ?? ?? ?? ?? ?? ?? ?? ?? ?? ?? ?? ?? ?? ?? ??
0x00007ff8d5f40cc2:   ?? ?? ?? ?? ?? ?? ?? ?? ?? ?? ?? ?? ?? ?? ?? ??
0x00007ff8d5f40cd2:   ?? ?? ?? ?? ?? ?? ?? ?? ?? ?? ?? ?? ?? ?? ?? ??
0x00007ff8d5f40ce2:   ?? ?? ?? ?? ?? ?? ?? ?? ?? ?? ?? ?? ?? ?? ?? ??
0x00007ff8d5f40cf2:   ?? ?? ?? ?? ?? ?? ?? ?? ?? ?? ?? ?? ?? ?? ?? ??
0x00007ff8d5f40d02:   ?? ?? ?? ?? ?? ?? ?? ?? ?? ?? ?? ?? ?? ?? ?? ??
0x00007ff8d5f40d12:   ?? ?? ?? ?? ?? ?? ?? ?? ?? ?? ?? ?? ?? ?? ?? ??
0x00007ff8d5f40d22:   ?? ?? ?? ?? ?? ?? ?? ?? ?? ?? ?? ?? ?? ?? ?? ??
0x00007ff8d5f40d32:   ?? ?? ?? ?? ?? ?? ?? ?? ?? ?? ?? ?? ?? ?? ?? ??
0x00007ff8d5f40d42:   ?? ?? ?? ?? ?? ?? ?? ?? ?? ?? ?? ?? ?? ?? ?? ??
0x00007ff8d5f40d52:   ?? ?? ?? ?? ?? ?? ?? ?? ?? ?? ?? ?? ?? ?? ?? ??
0x00007ff8d5f40d62:   ?? ?? ?? ?? ?? ?? ?? ?? ?? ?? ?? ?? ?? ?? ?? ??
0x00007ff8d5f40d72:   ?? ?? ?? ?? ?? ?? ?? ?? ?? ?? ?? ?? ?? ?? ?? ??
0x00007ff8d5f40d82:   ?? ?? ?? ?? ?? ?? ?? ?? ?? ?? ?? ?? ?? ?? ?? ??
0x00007ff8d5f40d92:   ?? ?? ?? ?? ?? ?? ?? ?? ?? ?? ?? ?? ?? ?? ?? ??
0x00007ff8d5f40da2:   ?? ?? ?? ?? ?? ?? ?? ?? ?? ?? ?? ?? ?? ?? ?? ??
0x00007ff8d5f40db2:   ?? ?? ?? ?? ?? ?? ?? ?? ?? ?? ?? ?? ?? ?? ?? ??
0x00007ff8d5f40dc2:   ?? ?? ?? ?? ?? ?? ?? ?? ?? ?? ?? ?? ?? ?? ?? ??
0x00007ff8d5f40dd2:   ?? ?? ?? ?? ?? ?? ?? ?? ?? ?? ?? ?? ?? ?? ?? ??
0x00007ff8d5f40de2:   ?? ?? ?? ?? ?? ?? ?? ?? ?? ?? ?? ?? ?? ?? ?? ??
0x00007ff8d5f40df2:   ?? ?? ?? ?? ?? ?? ?? ?? ?? ?? ?? ?? ?? ?? ?? ??
0x00007ff8d5f40e02:   ?? ?? ?? ?? ?? ?? ?? ?? ?? ?? ?? ?? ?? ?? ?? ??
0x00007ff8d5f40e12:   ?? ?? ?? ?? ?? ?? ?? ?? ?? ?? ?? ?? ?? ?? ?? ?? 


Stack slot to memory mapping:
stack at sp + 0 slots: 0x000001abfa2bc4a0 points into unknown readable memory: 0x0000000000000000 | 00 00 00 00 00 00 00 00
stack at sp + 1 slots: 0x000001ab8201c9a0 points into unknown readable memory: 0x00007ff899153470 | 70 34 15 99 f8 7f 00 00
stack at sp + 2 slots: 0x0000000000010001 is an unknown value
stack at sp + 3 slots: {method} {0x000001abf9134c78} 'addRecord' '(Ljava/lang/Object;JJ)V' in 'sun/java2d/Disposer'
stack at sp + 4 slots: 0x0000000000000028 is an unknown value
stack at sp + 5 slots: 0x0000078000000000 is an unknown value
stack at sp + 6 slots: 0x0000000000000438 is an unknown value
stack at sp + 7 slots: 0x0000078000000000 is an unknown value


---------------  P R O C E S S  ---------------

Threads class SMR info:
_java_thread_list=0x000001ab824502c0, length=28, elements={
0x000001abf8e8a340, 0x000001abf8e8ae20, 0x000001abf96aefb0, 0x000001abf96af970,
0x000001abf96b2430, 0x000001abf96be7d0, 0x000001abf96bf370, 0x000001abf9727190,
0x000001abf97bcc50, 0x000001abf9844e20, 0x000001abf98adcc0, 0x000001abf9a8e730,
0x000001abf9d90f50, 0x000001abfa29ffc0, 0x000001abfa3088e0, 0x000001abd3777740,
0x000001abfa29c970, 0x000001abfa29e180, 0x000001abfa29dcb0, 0x000001abfa29bb00,
0x000001abfa29bfd0, 0x000001abfa29ce40, 0x000001abfa29e650, 0x000001abfa29f4c0,
0x000001abfa29d310, 0x000001abfa29eb20, 0x000001abfa29c4a0, 0x000001abfa29d7e0
}

Java Threads: ( => current thread )
  0x000001abf8e8a340 JavaThread "Reference Handler" daemon [_thread_blocked, id=25516, stack(0x0000001435e00000,0x0000001435f00000)]
  0x000001abf8e8ae20 JavaThread "Finalizer" daemon [_thread_blocked, id=22856, stack(0x0000001435f00000,0x0000001436000000)]
  0x000001abf96aefb0 JavaThread "Signal Dispatcher" daemon [_thread_blocked, id=3944, stack(0x0000001436000000,0x0000001436100000)]
  0x000001abf96af970 JavaThread "Attach Listener" daemon [_thread_blocked, id=12348, stack(0x0000001436100000,0x0000001436200000)]
  0x000001abf96b2430 JavaThread "Service Thread" daemon [_thread_blocked, id=13436, stack(0x0000001436200000,0x0000001436300000)]
  0x000001abf96be7d0 JavaThread "C2 CompilerThread0" daemon [_thread_blocked, id=23816, stack(0x0000001436300000,0x0000001436400000)]
  0x000001abf96bf370 JavaThread "C1 CompilerThread0" daemon [_thread_blocked, id=18344, stack(0x0000001436400000,0x0000001436500000)]
  0x000001abf9727190 JavaThread "Sweeper thread" daemon [_thread_blocked, id=22320, stack(0x0000001436500000,0x0000001436600000)]
  0x000001abf97bcc50 JavaThread "Common-Cleaner" daemon [_thread_blocked, id=24744, stack(0x0000001436600000,0x0000001436700000)]
  0x000001abf9844e20 JavaThread "Monitor Ctrl-Break" daemon [_thread_in_native, id=22692, stack(0x0000001436700000,0x0000001436800000)]
  0x000001abf98adcc0 JavaThread "Notification Thread" daemon [_thread_blocked, id=15564, stack(0x0000001436800000,0x0000001436900000)]
  0x000001abf9a8e730 JavaThread "Java2D Disposer" daemon [_thread_blocked, id=4596, stack(0x0000001436a00000,0x0000001436b00000)]
  0x000001abf9d90f50 JavaThread "AWT-Shutdown" [_thread_blocked, id=11748, stack(0x0000001436b00000,0x0000001436c00000)]
  0x000001abfa29ffc0 JavaThread "AWT-EventQueue-0" [_thread_blocked, id=24416, stack(0x0000001436f30000,0x0000001437030000)]
=>0x000001abfa3088e0 JavaThread "Thread-0" [_thread_in_native, id=11564, stack(0x0000001437030000,0x0000001437130000)]
  0x000001abd3777740 JavaThread "DestroyJavaVM" [_thread_blocked, id=12096, stack(0x0000001435700000,0x0000001435800000)]
  0x000001abfa29c970 JavaThread "Java Sound Event Dispatcher" daemon [_thread_blocked, id=6904, stack(0x0000001437440000,0x0000001437540000)]
  0x000001abfa29e180 JavaThread "Direct Clip" daemon [_thread_blocked, id=9520, stack(0x0000001437840000,0x0000001437940000)]
  0x000001abfa29dcb0 JavaThread "Direct Clip" daemon [_thread_blocked, id=10508, stack(0x0000001437b40000,0x0000001437c40000)]
  0x000001abfa29bb00 JavaThread "Direct Clip" daemon [_thread_blocked, id=24740, stack(0x0000001437c40000,0x0000001437d40000)]
  0x000001abfa29bfd0 JavaThread "Direct Clip" daemon [_thread_blocked, id=2628, stack(0x0000001437d40000,0x0000001437e40000)]
  0x000001abfa29ce40 JavaThread "Direct Clip" daemon [_thread_blocked, id=19064, stack(0x0000001437e40000,0x0000001437f40000)]
  0x000001abfa29e650 JavaThread "Direct Clip" daemon [_thread_blocked, id=9548, stack(0x0000001437f40000,0x0000001438040000)]
  0x000001abfa29f4c0 JavaThread "Direct Clip" daemon [_thread_blocked, id=6868, stack(0x0000001438040000,0x0000001438140000)]
  0x000001abfa29d310 JavaThread "Direct Clip" daemon [_thread_blocked, id=8860, stack(0x0000001438940000,0x0000001438a40000)]
  0x000001abfa29eb20 JavaThread "Direct Clip" daemon [_thread_blocked, id=20088, stack(0x0000001438a40000,0x0000001438b40000)]
  0x000001abfa29c4a0 JavaThread "Direct Clip" daemon [_thread_blocked, id=1748, stack(0x0000001438b40000,0x0000001438c40000)]
  0x000001abfa29d7e0 JavaThread "Direct Clip" daemon [_thread_blocked, id=16852, stack(0x0000001438c40000,0x0000001438d40000)]

Other Threads:
  0x000001abf8e88e20 VMThread "VM Thread" [stack: 0x0000001435d00000,0x0000001435e00000] [id=928]
  0x000001abf98bae50 WatcherThread [stack: 0x0000001436900000,0x0000001436a00000] [id=25060]
  0x000001abd37c7fe0 GCTaskThread "GC Thread#0" [stack: 0x0000001435800000,0x0000001435900000] [id=5044]
  0x000001abf9f7a270 GCTaskThread "GC Thread#1" [stack: 0x0000001438140000,0x0000001438240000] [id=24240]
  0x000001abf9f798e0 GCTaskThread "GC Thread#2" [stack: 0x0000001438240000,0x0000001438340000] [id=15648]
  0x000001abf9f7a5a0 GCTaskThread "GC Thread#3" [stack: 0x0000001438340000,0x0000001438440000] [id=1268]
  0x000001abf9f7b590 GCTaskThread "GC Thread#4" [stack: 0x0000001438440000,0x0000001438540000] [id=25824]
  0x000001abf9f7b8c0 GCTaskThread "GC Thread#5" [stack: 0x0000001438540000,0x0000001438640000] [id=19476]
  0x000001abf9f7bbf0 GCTaskThread "GC Thread#6" [stack: 0x0000001438640000,0x0000001438740000] [id=1356]
  0x000001abf9f78290 GCTaskThread "GC Thread#7" [stack: 0x0000001438740000,0x0000001438840000] [id=11680]
  0x000001abd37d9100 ConcurrentGCThread "G1 Main Marker" [stack: 0x0000001435900000,0x0000001435a00000] [id=21104]
  0x000001abd37da490 ConcurrentGCThread "G1 Conc#0" [stack: 0x0000001435a00000,0x0000001435b00000] [id=21152]
  0x000001abd3834540 ConcurrentGCThread "G1 Refine#0" [stack: 0x0000001435b00000,0x0000001435c00000] [id=13132]
  0x000001abfa45d990 ConcurrentGCThread "G1 Refine#1" [stack: 0x0000001438840000,0x0000001438940000] [id=8488]
  0x000001abf8d147a0 ConcurrentGCThread "G1 Young RemSet Sampling" [stack: 0x0000001435c00000,0x0000001435d00000] [id=2732]

Threads with active compile tasks:

VM state: not at safepoint (normal execution)

VM Mutex/Monitor currently owned by a thread: None

Heap address: 0x0000000701000000, size: 4080 MB, Compressed Oops mode: Zero based, Oop shift amount: 3
CDS archive(s) mapped at: [0x0000000800000000-0x0000000800b50000-0x0000000800b50000), size 11862016, SharedBaseAddress: 0x0000000800000000, ArchiveRelocationMode: 0.
Compressed class space mapped at: 0x0000000800b50000-0x0000000840b50000, size: 1073741824
Narrow klass base: 0x0000000800000000, Narrow klass shift: 3, Narrow klass range: 0x100000000

GC Precious Log:
 CPUs: 8 total, 8 available
 Memory: 16318M
 Large Page Support: Disabled
 NUMA Support: Disabled
 Compressed Oops: Enabled (Zero based)
 Heap Region Size: 2M
 Heap Min Capacity: 8M
 Heap Initial Capacity: 256M
 Heap Max Capacity: 4080M
 Pre-touch: Disabled
 Parallel Workers: 8
 Concurrent Workers: 2
 Concurrent Refinement Workers: 8
 Periodic GC: Disabled

Heap:
 garbage-first heap   total 262144K, used 73341K [0x0000000701000000, 0x0000000800000000)
  region size 2048K, 11 young (22528K), 2 survivors (4096K)
 Metaspace       used 10501K, capacity 10647K, committed 10880K, reserved 1058816K
  class space    used 1068K, capacity 1130K, committed 1152K, reserved 1048576K

Heap Regions: E=young(eden), S=young(survivor), O=old, HS=humongous(starts), HC=humongous(continues), CS=collection set, F=free, OA=open archive, CA=closed archive, TAMS=top-at-mark-start (previous, next)
|   0|0x0000000701000000, 0x0000000701200000, 0x0000000701200000|100%|HS|  |TAMS 0x0000000701000000, 0x0000000701000000| Complete 
|   1|0x0000000701200000, 0x0000000701400000, 0x0000000701400000|100%|HC|  |TAMS 0x0000000701200000, 0x0000000701200000| Complete 
|   2|0x0000000701400000, 0x0000000701600000, 0x0000000701600000|100%|HS|  |TAMS 0x0000000701400000, 0x0000000701400000| Complete 
|   3|0x0000000701600000, 0x0000000701800000, 0x0000000701800000|100%|HC|  |TAMS 0x0000000701600000, 0x0000000701600000| Complete 
|   4|0x0000000701800000, 0x0000000701a00000, 0x0000000701a00000|100%|HS|  |TAMS 0x0000000701800000, 0x0000000701800000| Complete 
|   5|0x0000000701a00000, 0x0000000701c00000, 0x0000000701c00000|100%|HC|  |TAMS 0x0000000701a00000, 0x0000000701a00000| Complete 
|   6|0x0000000701c00000, 0x0000000701e00000, 0x0000000701e00000|100%|HS|  |TAMS 0x0000000701c00000, 0x0000000701c00000| Complete 
|   7|0x0000000701e00000, 0x0000000702000000, 0x0000000702000000|100%|HC|  |TAMS 0x0000000701e00000, 0x0000000701e00000| Complete 
|   8|0x0000000702000000, 0x0000000702200000, 0x0000000702200000|100%|HS|  |TAMS 0x0000000702000000, 0x0000000702000000| Complete 
|   9|0x0000000702200000, 0x0000000702400000, 0x0000000702400000|100%|HC|  |TAMS 0x0000000702200000, 0x0000000702200000| Complete 
|  10|0x0000000702400000, 0x0000000702600000, 0x0000000702600000|100%|HS|  |TAMS 0x0000000702400000, 0x0000000702400000| Complete 
|  11|0x0000000702600000, 0x0000000702800000, 0x0000000702800000|100%|HC|  |TAMS 0x0000000702600000, 0x0000000702600000| Complete 
|  12|0x0000000702800000, 0x0000000702a00000, 0x0000000702a00000|100%|HS|  |TAMS 0x0000000702800000, 0x0000000702800000| Complete 
|  13|0x0000000702a00000, 0x0000000702c00000, 0x0000000702c00000|100%|HS|  |TAMS 0x0000000702a00000, 0x0000000702a00000| Complete 
|  14|0x0000000702c00000, 0x0000000702e00000, 0x0000000702e00000|100%|HS|  |TAMS 0x0000000702c00000, 0x0000000702c00000| Complete 
|  15|0x0000000702e00000, 0x0000000703000000, 0x0000000703000000|100%|HC|  |TAMS 0x0000000702e00000, 0x0000000702e00000| Complete 
|  16|0x0000000703000000, 0x0000000703200000, 0x0000000703200000|100%|HS|  |TAMS 0x0000000703000000, 0x0000000703000000| Complete 
|  17|0x0000000703200000, 0x0000000703400000, 0x0000000703400000|100%|HC|  |TAMS 0x0000000703200000, 0x0000000703200000| Complete 
|  18|0x0000000703400000, 0x0000000703600000, 0x0000000703600000|100%|HC|  |TAMS 0x0000000703400000, 0x0000000703400000| Complete 
|  19|0x0000000703600000, 0x0000000703800000, 0x0000000703800000|100%|HS|  |TAMS 0x0000000703600000, 0x0000000703600000| Complete 
|  20|0x0000000703800000, 0x0000000703a00000, 0x0000000703a00000|100%|HC|  |TAMS 0x0000000703800000, 0x0000000703800000| Complete 
|  21|0x0000000703a00000, 0x0000000703c00000, 0x0000000703c00000|100%|HC|  |TAMS 0x0000000703a00000, 0x0000000703a00000| Complete 
|  22|0x0000000703c00000, 0x0000000703e00000, 0x0000000703e00000|100%|HC|  |TAMS 0x0000000703c00000, 0x0000000703c00000| Complete 
|  23|0x0000000703e00000, 0x0000000704000000, 0x0000000704000000|100%|HC|  |TAMS 0x0000000703e00000, 0x0000000703e00000| Complete 
|  24|0x0000000704000000, 0x0000000704000000, 0x0000000704200000|  0%| F|  |TAMS 0x0000000704000000, 0x0000000704000000| Untracked 
|  25|0x0000000704200000, 0x0000000704200000, 0x0000000704400000|  0%| F|  |TAMS 0x0000000704200000, 0x0000000704200000| Untracked 
|  26|0x0000000704400000, 0x0000000704400000, 0x0000000704600000|  0%| F|  |TAMS 0x0000000704400000, 0x0000000704400000| Untracked 
|  27|0x0000000704600000, 0x0000000704600000, 0x0000000704800000|  0%| F|  |TAMS 0x0000000704600000, 0x0000000704600000| Untracked 
|  28|0x0000000704800000, 0x0000000704a00000, 0x0000000704a00000|100%|HS|  |TAMS 0x0000000704800000, 0x0000000704800000| Complete 
|  29|0x0000000704a00000, 0x0000000704c00000, 0x0000000704c00000|100%|HC|  |TAMS 0x0000000704a00000, 0x0000000704a00000| Complete 
|  30|0x0000000704c00000, 0x0000000704c00000, 0x0000000704e00000|  0%| F|  |TAMS 0x0000000704c00000, 0x0000000704c00000| Untracked 
|  31|0x0000000704e00000, 0x0000000704e00000, 0x0000000705000000|  0%| F|  |TAMS 0x0000000704e00000, 0x0000000704e00000| Untracked 
|  32|0x0000000705000000, 0x000000070519f400, 0x0000000705200000| 81%| O|  |TAMS 0x0000000705000000, 0x0000000705000000| Untracked 
|  33|0x0000000705200000, 0x0000000705200000, 0x0000000705400000|  0%| F|  |TAMS 0x0000000705200000, 0x0000000705200000| Untracked 
|  34|0x0000000705400000, 0x0000000705400000, 0x0000000705600000|  0%| F|  |TAMS 0x0000000705400000, 0x0000000705400000| Untracked 
|  35|0x0000000705600000, 0x0000000705600000, 0x0000000705800000|  0%| F|  |TAMS 0x0000000705600000, 0x0000000705600000| Untracked 
|  36|0x0000000705800000, 0x0000000705800000, 0x0000000705a00000|  0%| F|  |TAMS 0x0000000705800000, 0x0000000705800000| Untracked 
|  37|0x0000000705a00000, 0x0000000705a00000, 0x0000000705c00000|  0%| F|  |TAMS 0x0000000705a00000, 0x0000000705a00000| Untracked 
|  38|0x0000000705c00000, 0x0000000705c00000, 0x0000000705e00000|  0%| F|  |TAMS 0x0000000705c00000, 0x0000000705c00000| Untracked 
|  39|0x0000000705e00000, 0x0000000705e00000, 0x0000000706000000|  0%| F|  |TAMS 0x0000000705e00000, 0x0000000705e00000| Untracked 
|  40|0x0000000706000000, 0x0000000706000000, 0x0000000706200000|  0%| F|  |TAMS 0x0000000706000000, 0x0000000706000000| Untracked 
|  41|0x0000000706200000, 0x0000000706200000, 0x0000000706400000|  0%| F|  |TAMS 0x0000000706200000, 0x0000000706200000| Untracked 
|  42|0x0000000706400000, 0x0000000706400000, 0x0000000706600000|  0%| F|  |TAMS 0x0000000706400000, 0x0000000706400000| Untracked 
|  43|0x0000000706600000, 0x0000000706600000, 0x0000000706800000|  0%| F|  |TAMS 0x0000000706600000, 0x0000000706600000| Untracked 
|  44|0x0000000706800000, 0x0000000706800000, 0x0000000706a00000|  0%| F|  |TAMS 0x0000000706800000, 0x0000000706800000| Untracked 
|  45|0x0000000706a00000, 0x0000000706a00000, 0x0000000706c00000|  0%| F|  |TAMS 0x0000000706a00000, 0x0000000706a00000| Untracked 
|  46|0x0000000706c00000, 0x0000000706c00000, 0x0000000706e00000|  0%| F|  |TAMS 0x0000000706c00000, 0x0000000706c00000| Untracked 
|  47|0x0000000706e00000, 0x0000000706e00000, 0x0000000707000000|  0%| F|  |TAMS 0x0000000706e00000, 0x0000000706e00000| Untracked 
|  48|0x0000000707000000, 0x0000000707000000, 0x0000000707200000|  0%| F|  |TAMS 0x0000000707000000, 0x0000000707000000| Untracked 
|  49|0x0000000707200000, 0x0000000707200000, 0x0000000707400000|  0%| F|  |TAMS 0x0000000707200000, 0x0000000707200000| Untracked 
|  50|0x0000000707400000, 0x0000000707400000, 0x0000000707600000|  0%| F|  |TAMS 0x0000000707400000, 0x0000000707400000| Untracked 
|  51|0x0000000707600000, 0x0000000707600000, 0x0000000707800000|  0%| F|  |TAMS 0x0000000707600000, 0x0000000707600000| Untracked 
|  52|0x0000000707800000, 0x0000000707800000, 0x0000000707a00000|  0%| F|  |TAMS 0x0000000707800000, 0x0000000707800000| Untracked 
|  53|0x0000000707a00000, 0x0000000707a00000, 0x0000000707c00000|  0%| F|  |TAMS 0x0000000707a00000, 0x0000000707a00000| Untracked 
|  54|0x0000000707c00000, 0x0000000707c00000, 0x0000000707e00000|  0%| F|  |TAMS 0x0000000707c00000, 0x0000000707c00000| Untracked 
|  55|0x0000000707e00000, 0x0000000707e00000, 0x0000000708000000|  0%| F|  |TAMS 0x0000000707e00000, 0x0000000707e00000| Untracked 
|  56|0x0000000708000000, 0x0000000708000000, 0x0000000708200000|  0%| F|  |TAMS 0x0000000708000000, 0x0000000708000000| Untracked 
|  57|0x0000000708200000, 0x0000000708200000, 0x0000000708400000|  0%| F|  |TAMS 0x0000000708200000, 0x0000000708200000| Untracked 
|  58|0x0000000708400000, 0x0000000708400000, 0x0000000708600000|  0%| F|  |TAMS 0x0000000708400000, 0x0000000708400000| Untracked 
|  59|0x0000000708600000, 0x0000000708600000, 0x0000000708800000|  0%| F|  |TAMS 0x0000000708600000, 0x0000000708600000| Untracked 
|  60|0x0000000708800000, 0x0000000708800000, 0x0000000708a00000|  0%| F|  |TAMS 0x0000000708800000, 0x0000000708800000| Untracked 
|  61|0x0000000708a00000, 0x0000000708a00000, 0x0000000708c00000|  0%| F|  |TAMS 0x0000000708a00000, 0x0000000708a00000| Untracked 
|  62|0x0000000708c00000, 0x0000000708c00000, 0x0000000708e00000|  0%| F|  |TAMS 0x0000000708c00000, 0x0000000708c00000| Untracked 
|  63|0x0000000708e00000, 0x0000000708e00000, 0x0000000709000000|  0%| F|  |TAMS 0x0000000708e00000, 0x0000000708e00000| Untracked 
|  64|0x0000000709000000, 0x0000000709000000, 0x0000000709200000|  0%| F|  |TAMS 0x0000000709000000, 0x0000000709000000| Untracked 
|  65|0x0000000709200000, 0x0000000709200000, 0x0000000709400000|  0%| F|  |TAMS 0x0000000709200000, 0x0000000709200000| Untracked 
|  66|0x0000000709400000, 0x0000000709400000, 0x0000000709600000|  0%| F|  |TAMS 0x0000000709400000, 0x0000000709400000| Untracked 
|  67|0x0000000709600000, 0x0000000709600000, 0x0000000709800000|  0%| F|  |TAMS 0x0000000709600000, 0x0000000709600000| Untracked 
|  68|0x0000000709800000, 0x0000000709800000, 0x0000000709a00000|  0%| F|  |TAMS 0x0000000709800000, 0x0000000709800000| Untracked 
|  69|0x0000000709a00000, 0x0000000709a00000, 0x0000000709c00000|  0%| F|  |TAMS 0x0000000709a00000, 0x0000000709a00000| Untracked 
|  70|0x0000000709c00000, 0x0000000709c00000, 0x0000000709e00000|  0%| F|  |TAMS 0x0000000709c00000, 0x0000000709c00000| Untracked 
|  71|0x0000000709e00000, 0x0000000709e00000, 0x000000070a000000|  0%| F|  |TAMS 0x0000000709e00000, 0x0000000709e00000| Untracked 
|  72|0x000000070a000000, 0x000000070a000000, 0x000000070a200000|  0%| F|  |TAMS 0x000000070a000000, 0x000000070a000000| Untracked 
|  73|0x000000070a200000, 0x000000070a200000, 0x000000070a400000|  0%| F|  |TAMS 0x000000070a200000, 0x000000070a200000| Untracked 
|  74|0x000000070a400000, 0x000000070a400000, 0x000000070a600000|  0%| F|  |TAMS 0x000000070a400000, 0x000000070a400000| Untracked 
|  75|0x000000070a600000, 0x000000070a600000, 0x000000070a800000|  0%| F|  |TAMS 0x000000070a600000, 0x000000070a600000| Untracked 
|  76|0x000000070a800000, 0x000000070a800000, 0x000000070aa00000|  0%| F|  |TAMS 0x000000070a800000, 0x000000070a800000| Untracked 
|  77|0x000000070aa00000, 0x000000070aa00000, 0x000000070ac00000|  0%| F|  |TAMS 0x000000070aa00000, 0x000000070aa00000| Untracked 
|  78|0x000000070ac00000, 0x000000070ac00000, 0x000000070ae00000|  0%| F|  |TAMS 0x000000070ac00000, 0x000000070ac00000| Untracked 
|  79|0x000000070ae00000, 0x000000070ae00000, 0x000000070b000000|  0%| F|  |TAMS 0x000000070ae00000, 0x000000070ae00000| Untracked 
|  80|0x000000070b000000, 0x000000070b000000, 0x000000070b200000|  0%| F|  |TAMS 0x000000070b000000, 0x000000070b000000| Untracked 
|  81|0x000000070b200000, 0x000000070b200000, 0x000000070b400000|  0%| F|  |TAMS 0x000000070b200000, 0x000000070b200000| Untracked 
|  82|0x000000070b400000, 0x000000070b400000, 0x000000070b600000|  0%| F|  |TAMS 0x000000070b400000, 0x000000070b400000| Untracked 
|  83|0x000000070b600000, 0x000000070b600000, 0x000000070b800000|  0%| F|  |TAMS 0x000000070b600000, 0x000000070b600000| Untracked 
|  84|0x000000070b800000, 0x000000070b800000, 0x000000070ba00000|  0%| F|  |TAMS 0x000000070b800000, 0x000000070b800000| Untracked 
|  85|0x000000070ba00000, 0x000000070ba00000, 0x000000070bc00000|  0%| F|  |TAMS 0x000000070ba00000, 0x000000070ba00000| Untracked 
|  86|0x000000070bc00000, 0x000000070bc00000, 0x000000070be00000|  0%| F|  |TAMS 0x000000070bc00000, 0x000000070bc00000| Untracked 
|  87|0x000000070be00000, 0x000000070be00000, 0x000000070c000000|  0%| F|  |TAMS 0x000000070be00000, 0x000000070be00000| Untracked 
|  88|0x000000070c000000, 0x000000070c000000, 0x000000070c200000|  0%| F|  |TAMS 0x000000070c000000, 0x000000070c000000| Untracked 
|  89|0x000000070c200000, 0x000000070c200000, 0x000000070c400000|  0%| F|  |TAMS 0x000000070c200000, 0x000000070c200000| Untracked 
|  90|0x000000070c400000, 0x000000070c400000, 0x000000070c600000|  0%| F|  |TAMS 0x000000070c400000, 0x000000070c400000| Untracked 
|  91|0x000000070c600000, 0x000000070c600000, 0x000000070c800000|  0%| F|  |TAMS 0x000000070c600000, 0x000000070c600000| Untracked 
|  92|0x000000070c800000, 0x000000070c800000, 0x000000070ca00000|  0%| F|  |TAMS 0x000000070c800000, 0x000000070c800000| Untracked 
|  93|0x000000070ca00000, 0x000000070ca00000, 0x000000070cc00000|  0%| F|  |TAMS 0x000000070ca00000, 0x000000070ca00000| Untracked 
|  94|0x000000070cc00000, 0x000000070cc00000, 0x000000070ce00000|  0%| F|  |TAMS 0x000000070cc00000, 0x000000070cc00000| Untracked 
|  95|0x000000070ce00000, 0x000000070ce00000, 0x000000070d000000|  0%| F|  |TAMS 0x000000070ce00000, 0x000000070ce00000| Untracked 
|  96|0x000000070d000000, 0x000000070d000000, 0x000000070d200000|  0%| F|  |TAMS 0x000000070d000000, 0x000000070d000000| Untracked 
|  97|0x000000070d200000, 0x000000070d200000, 0x000000070d400000|  0%| F|  |TAMS 0x000000070d200000, 0x000000070d200000| Untracked 
|  98|0x000000070d400000, 0x000000070d400000, 0x000000070d600000|  0%| F|  |TAMS 0x000000070d400000, 0x000000070d400000| Untracked 
|  99|0x000000070d600000, 0x000000070d600000, 0x000000070d800000|  0%| F|  |TAMS 0x000000070d600000, 0x000000070d600000| Untracked 
| 100|0x000000070d800000, 0x000000070d800000, 0x000000070da00000|  0%| F|  |TAMS 0x000000070d800000, 0x000000070d800000| Untracked 
| 101|0x000000070da00000, 0x000000070da00000, 0x000000070dc00000|  0%| F|  |TAMS 0x000000070da00000, 0x000000070da00000| Untracked 
| 102|0x000000070dc00000, 0x000000070dc00000, 0x000000070de00000|  0%| F|  |TAMS 0x000000070dc00000, 0x000000070dc00000| Untracked 
| 103|0x000000070de00000, 0x000000070de00000, 0x000000070e000000|  0%| F|  |TAMS 0x000000070de00000, 0x000000070de00000| Untracked 
| 104|0x000000070e000000, 0x000000070e000000, 0x000000070e200000|  0%| F|  |TAMS 0x000000070e000000, 0x000000070e000000| Untracked 
| 105|0x000000070e200000, 0x000000070e200000, 0x000000070e400000|  0%| F|  |TAMS 0x000000070e200000, 0x000000070e200000| Untracked 
| 106|0x000000070e400000, 0x000000070e400000, 0x000000070e600000|  0%| F|  |TAMS 0x000000070e400000, 0x000000070e400000| Untracked 
| 107|0x000000070e600000, 0x000000070e600000, 0x000000070e800000|  0%| F|  |TAMS 0x000000070e600000, 0x000000070e600000| Untracked 
| 108|0x000000070e800000, 0x000000070e800000, 0x000000070ea00000|  0%| F|  |TAMS 0x000000070e800000, 0x000000070e800000| Untracked 
| 109|0x000000070ea00000, 0x000000070ea00000, 0x000000070ec00000|  0%| F|  |TAMS 0x000000070ea00000, 0x000000070ea00000| Untracked 
| 110|0x000000070ec00000, 0x000000070ec00000, 0x000000070ee00000|  0%| F|  |TAMS 0x000000070ec00000, 0x000000070ec00000| Untracked 
| 111|0x000000070ee00000, 0x000000070ee00000, 0x000000070f000000|  0%| F|  |TAMS 0x000000070ee00000, 0x000000070ee00000| Untracked 
| 112|0x000000070f000000, 0x000000070f000000, 0x000000070f200000|  0%| F|  |TAMS 0x000000070f000000, 0x000000070f000000| Untracked 
| 113|0x000000070f200000, 0x000000070f200000, 0x000000070f400000|  0%| F|  |TAMS 0x000000070f200000, 0x000000070f200000| Untracked 
| 114|0x000000070f400000, 0x000000070f400000, 0x000000070f600000|  0%| F|  |TAMS 0x000000070f400000, 0x000000070f400000| Untracked 
| 115|0x000000070f600000, 0x000000070f800000, 0x000000070f800000|100%| S|CS|TAMS 0x000000070f600000, 0x000000070f600000| Complete 
| 116|0x000000070f800000, 0x000000070fa00000, 0x000000070fa00000|100%| S|CS|TAMS 0x000000070f800000, 0x000000070f800000| Complete 
| 117|0x000000070fa00000, 0x000000070fa00000, 0x000000070fc00000|  0%| F|  |TAMS 0x000000070fa00000, 0x000000070fa00000| Untracked 
| 118|0x000000070fc00000, 0x000000070fc00000, 0x000000070fe00000|  0%| F|  |TAMS 0x000000070fc00000, 0x000000070fc00000| Untracked 
| 119|0x000000070fe00000, 0x000000070ff61670, 0x0000000710000000| 69%| E|  |TAMS 0x000000070fe00000, 0x000000070fe00000| Complete 
| 120|0x0000000710000000, 0x0000000710200000, 0x0000000710200000|100%| E|CS|TAMS 0x0000000710000000, 0x0000000710000000| Complete 
| 121|0x0000000710200000, 0x0000000710400000, 0x0000000710400000|100%| E|CS|TAMS 0x0000000710200000, 0x0000000710200000| Complete 
| 122|0x0000000710400000, 0x0000000710600000, 0x0000000710600000|100%| E|CS|TAMS 0x0000000710400000, 0x0000000710400000| Complete 
| 123|0x0000000710600000, 0x0000000710800000, 0x0000000710800000|100%| E|CS|TAMS 0x0000000710600000, 0x0000000710600000| Complete 
| 124|0x0000000710800000, 0x0000000710a00000, 0x0000000710a00000|100%| E|CS|TAMS 0x0000000710800000, 0x0000000710800000| Complete 
| 125|0x0000000710a00000, 0x0000000710c00000, 0x0000000710c00000|100%| E|  |TAMS 0x0000000710a00000, 0x0000000710a00000| Complete 
| 126|0x0000000710c00000, 0x0000000710e00000, 0x0000000710e00000|100%| E|CS|TAMS 0x0000000710c00000, 0x0000000710c00000| Complete 
| 127|0x0000000710e00000, 0x0000000711000000, 0x0000000711000000|100%| E|CS|TAMS 0x0000000710e00000, 0x0000000710e00000| Complete 

Card table byte_map: [0x000001abed3e0000,0x000001abedbe0000] _byte_map_base: 0x000001abe9bd8000

Marking Bits (Prev, Next): (CMBitMap*) 0x000001abd37c87d0, (CMBitMap*) 0x000001abd37c8810
 Prev Bits: [0x000001abee3e0000, 0x000001abf23a0000)
 Next Bits: [0x000001abf23a0000, 0x000001abf6360000)

Polling page: 0x000001abd3840000

Metaspace:

Usage:
  Non-class:      9.29 MB capacity,     9.21 MB (>99%) used,    69.83 KB ( <1%) free+waste,    14.13 KB ( <1%) overhead. 
      Class:      1.10 MB capacity,     1.04 MB ( 95%) used,    56.16 KB (  5%) free+waste,     5.56 KB ( <1%) overhead. 
       Both:     10.40 MB capacity,    10.26 MB ( 99%) used,   125.99 KB (  1%) free+waste,    19.69 KB ( <1%) overhead. 

Virtual space:
  Non-class space:       10.00 MB reserved,       9.50 MB ( 95%) committed 
      Class space:        1.00 GB reserved,       1.13 MB ( <1%) committed 
             Both:        1.01 GB reserved,      10.63 MB (  1%) committed 

Chunk freelists:
   Non-Class:  19.00 KB
       Class:  22.00 KB
        Both:  41.00 KB

MaxMetaspaceSize: 17179869184.00 GB
CompressedClassSpaceSize: 1.00 GB

CodeHeap 'non-profiled nmethods': size=120000Kb used=948Kb max_used=948Kb free=119051Kb
 bounds [0x000001abe4c40000, 0x000001abe4eb0000, 0x000001abec170000]
CodeHeap 'profiled nmethods': size=120000Kb used=3763Kb max_used=3763Kb free=116237Kb
 bounds [0x000001abdd710000, 0x000001abddac0000, 0x000001abe4c40000]
CodeHeap 'non-nmethods': size=5760Kb used=1297Kb max_used=1348Kb free=4462Kb
 bounds [0x000001abdd170000, 0x000001abdd3e0000, 0x000001abdd710000]
 total_blobs=2624 nmethods=2035 adapters=502
 compilation: enabled
              stopped_count=0, restarted_count=0
 full_count=0

Compilation events (20 events):
Event: 25.214 Thread 0x000001abf96bf370 2027       3       sun.awt.windows.WWindowPeer::preprocessPostEvent (72 bytes)
Event: 25.214 Thread 0x000001abf96bf370 nmethod 2027 0x000001abdda9ce90 code [0x000001abdda9d080, 0x000001abdda9d7d8]
Event: 25.362 Thread 0x000001abf96bf370 2028   !   3       sun.java2d.SunGraphics2D::fill (64 bytes)
Event: 25.362 Thread 0x000001abf96bf370 nmethod 2028 0x000001abdda9d910 code [0x000001abdda9db20, 0x000001abdda9e1e8]
Event: 25.362 Thread 0x000001abf96bf370 2029       3       sun.java2d.pipe.PixelToParallelogramConverter::fill (76 bytes)
Event: 25.362 Thread 0x000001abf96bf370 nmethod 2029 0x000001abdda9e590 code [0x000001abdda9e7a0, 0x000001abdda9f0b8]
Event: 25.402 Thread 0x000001abf96bf370 2030   !   3       java.awt.KeyboardFocusManager::getGlobalFocusOwner (20 bytes)
Event: 25.402 Thread 0x000001abf96bf370 nmethod 2030 0x000001abdda9f310 code [0x000001abdda9f4e0, 0x000001abdda9f868]
Event: 25.412 Thread 0x000001abf96bf370 2031       3       java.util.IdentityHashMap::maskNull (12 bytes)
Event: 25.412 Thread 0x000001abf96bf370 nmethod 2031 0x000001abdda9fa10 code [0x000001abdda9fba0, 0x000001abdda9fcd8]
Event: 25.412 Thread 0x000001abf96bf370 2032       3       java.util.IdentityHashMap::hash (18 bytes)
Event: 25.412 Thread 0x000001abf96bf370 nmethod 2032 0x000001abdda9fd90 code [0x000001abdda9ff20, 0x000001abddaa0048]
Event: 25.416 Thread 0x000001abf96bf370 2033       3       java.awt.Window::dispatchEventImpl (23 bytes)
Event: 25.416 Thread 0x000001abf96bf370 nmethod 2033 0x000001abddaa0110 code [0x000001abddaa0300, 0x000001abddaa0a58]
Event: 25.568 Thread 0x000001abf96bf370 2034   !   3       java.awt.KeyboardFocusManager::processCurrentLightweightRequests (345 bytes)
Event: 25.569 Thread 0x000001abf96bf370 nmethod 2034 0x000001abddaa0c10 code [0x000001abddaa1040, 0x000001abddaa3338]
Event: 25.569 Thread 0x000001abf96bf370 2035   !   3       java.awt.DefaultKeyboardFocusManager::dispatchEvent (1621 bytes)
Event: 25.579 Thread 0x000001abf96bf370 nmethod 2035 0x000001abddaa4210 code [0x000001abddaa59c0, 0x000001abddab7ac8]
Event: 25.579 Thread 0x000001abf96bf370 2036       3       java.awt.Component::areInputMethodsEnabled (39 bytes)
Event: 25.579 Thread 0x000001abf96bf370 nmethod 2036 0x000001abddabc790 code [0x000001abddabc920, 0x000001abddabcb38]

GC Heap History (2 events):
Event: 1.390 GC heap before
{Heap before GC invocations=0 (full 0):
 garbage-first heap   total 262144K, used 86016K [0x0000000701000000, 0x0000000800000000)
  region size 2048K, 11 young (22528K), 0 survivors (0K)
 Metaspace       used 9863K, capacity 10065K, committed 10112K, reserved 1058816K
  class space    used 1061K, capacity 1130K, committed 1152K, reserved 1048576K
}
Event: 1.393 GC heap after
{Heap after GC invocations=1 (full 0):
 garbage-first heap   total 262144K, used 9853K [0x0000000701000000, 0x0000000800000000)
  region size 2048K, 2 young (4096K), 2 survivors (4096K)
 Metaspace       used 9863K, capacity 10065K, committed 10112K, reserved 1058816K
  class space    used 1061K, capacity 1130K, committed 1152K, reserved 1048576K
}

Deoptimization events (20 events):
Event: 1.793 Thread 0x000001abfa29ffc0 DEOPT PACKING pc=0x000001abe4c8f34c sp=0x000000143702dc80
Event: 1.793 Thread 0x000001abfa29ffc0 DEOPT UNPACKING pc=0x000001abdd1be42f sp=0x000000143702dbe8 mode 2
Event: 7.174 Thread 0x000001abfa3088e0 Uncommon trap: trap_request=0xffffff45 fr.pc=0x000001abe4cf69b0 relative=0x0000000000000310
Event: 7.174 Thread 0x000001abfa3088e0 Uncommon trap: reason=unstable_if action=reinterpret pc=0x000001abe4cf69b0 method=sun.java2d.loops.RenderCache.get(Lsun/java2d/loops/SurfaceType;Lsun/java2d/loops/CompositeType;Lsun/java2d/loops/SurfaceType;)Ljava/lang/Object; @ 29 c2
Event: 7.174 Thread 0x000001abfa3088e0 DEOPT PACKING pc=0x000001abe4cf69b0 sp=0x000000143712e780
Event: 7.174 Thread 0x000001abfa3088e0 DEOPT UNPACKING pc=0x000001abdd1be42f sp=0x000000143712e758 mode 2
Event: 7.175 Thread 0x000001abfa3088e0 Uncommon trap: trap_request=0xffffff45 fr.pc=0x000001abe4cf7bd8 relative=0x0000000000000338
Event: 7.175 Thread 0x000001abfa3088e0 Uncommon trap: reason=unstable_if action=reinterpret pc=0x000001abe4cf7bd8 method=sun.java2d.loops.RenderCache$Entry.matches(Lsun/java2d/loops/SurfaceType;Lsun/java2d/loops/CompositeType;Lsun/java2d/loops/SurfaceType;)Z @ 13 c2
Event: 7.175 Thread 0x000001abfa3088e0 DEOPT PACKING pc=0x000001abe4cf7bd8 sp=0x000000143712e200
Event: 7.175 Thread 0x000001abfa3088e0 DEOPT UNPACKING pc=0x000001abdd1be42f sp=0x000000143712e0c8 mode 2
Event: 7.175 Thread 0x000001abfa3088e0 Uncommon trap: trap_request=0xffffff45 fr.pc=0x000001abe4cf7184 relative=0x00000000000002e4
Event: 7.175 Thread 0x000001abfa3088e0 Uncommon trap: reason=unstable_if action=reinterpret pc=0x000001abe4cf7184 method=sun.java2d.SurfaceData.getSourceSurfaceData(Ljava/awt/Image;ILsun/java2d/loops/CompositeType;Ljava/awt/Color;)Lsun/java2d/SurfaceData; @ 19 c2
Event: 7.175 Thread 0x000001abfa3088e0 DEOPT PACKING pc=0x000001abe4cf7184 sp=0x000000143712e830
Event: 7.175 Thread 0x000001abfa3088e0 DEOPT UNPACKING pc=0x000001abdd1be42f sp=0x000000143712e7f0 mode 2
Event: 11.654 Thread 0x000001abfa3088e0 DEOPT PACKING pc=0x000001abdd9d495e sp=0x000000143712eee0
Event: 11.654 Thread 0x000001abfa3088e0 DEOPT UNPACKING pc=0x000001abdd1be23f sp=0x000000143712e390 mode 0
Event: 23.974 Thread 0x000001abfa3088e0 Uncommon trap: trap_request=0xffffff45 fr.pc=0x000001abe4d1fc30 relative=0x00000000000006b0
Event: 23.974 Thread 0x000001abfa3088e0 Uncommon trap: reason=unstable_if action=reinterpret pc=0x000001abe4d1fc30 method=com.neet.Entity.MapObject.calculateCorners(DD)V @ 86 c2
Event: 23.974 Thread 0x000001abfa3088e0 DEOPT PACKING pc=0x000001abe4d1fc30 sp=0x000000143712ed20
Event: 23.974 Thread 0x000001abfa3088e0 DEOPT UNPACKING pc=0x000001abdd1be42f sp=0x000000143712ec60 mode 2

Classes unloaded (0 events):
No events

Classes redefined (0 events):
No events

Internal exceptions (18 events):
Event: 0.071 Thread 0x000001abf9844e20 Exception <a 'java/lang/NoSuchMethodError'{0x0000000710c08aa0}: 'java.lang.Object java.lang.invoke.DirectMethodHandle$Holder.invokeStatic(java.lang.Object)'> (0x0000000710c08aa0) 
thrown [./open/src/hotspot/share/interpreter/linkResolver.cpp, line 782]
Event: 0.071 Thread 0x000001abf9844e20 Exception <a 'java/lang/NoSuchMethodError'{0x0000000710c0c3b0}: 'java.lang.Object java.lang.invoke.DirectMethodHandle$Holder.invokeStaticInit(java.lang.Object)'> (0x0000000710c0c3b0) 
thrown [./open/src/hotspot/share/interpreter/linkResolver.cpp, line 782]
Event: 0.074 Thread 0x000001abd3777740 Exception <a 'java/lang/NoSuchMethodError'{0x0000000710fdde58}: 'void java.lang.invoke.DirectMethodHandle$Holder.invokeSpecial(java.lang.Object, java.lang.Object, java.lang.Object)'> (0x0000000710fdde58) 
thrown [./open/src/hotspot/share/interpreter/linkResolver.cpp, line 782]
Event: 0.075 Thread 0x000001abf9844e20 Exception <a 'java/lang/NoSuchMethodError'{0x0000000710c19780}: 'void java.lang.invoke.DirectMethodHandle$Holder.invokeStatic(java.lang.Object, java.lang.Object)'> (0x0000000710c19780) 
thrown [./open/src/hotspot/share/interpreter/linkResolver.cpp, line 782]
Event: 0.078 Thread 0x000001abd3777740 Exception <a 'java/lang/ClassNotFoundException'{0x0000000710ff4b70}: sun/awt/resources/spi/awtProvider> (0x0000000710ff4b70) 
thrown [./open/src/hotspot/share/classfile/systemDictionary.cpp, line 295]
Event: 0.090 Thread 0x000001abd3777740 Exception <a 'java/io/FileNotFoundException'{0x0000000710cbd4b8}> (0x0000000710cbd4b8) 
thrown [./open/src/hotspot/share/prims/jni.cpp, line 578]
Event: 0.094 Thread 0x000001abd3777740 Exception <a 'java/io/FileNotFoundException'{0x0000000710cec160}> (0x0000000710cec160) 
thrown [./open/src/hotspot/share/prims/jni.cpp, line 578]
Event: 0.250 Thread 0x000001abd3777740 Exception <a 'java/lang/NoSuchMethodError'{0x0000000710a0aa10}: 'java.lang.Object java.lang.invoke.DirectMethodHandle$Holder.newInvokeSpecial(java.lang.Object, java.lang.Object, java.lang.Object, java.lang.Object, java.lang.Object)'> (0x0000000710a0aa10) 
thrown [./open/src/hotspot/share/interpreter/linkResolver.cpp, line 782]
Event: 0.251 Thread 0x000001abd3777740 Exception <a 'java/lang/NoSuchMethodError'{0x0000000710a164a0}: 'java.lang.Object java.lang.invoke.DirectMethodHandle$Holder.invokeStatic(java.lang.Object, int, java.lang.Object, java.lang.Object, java.lang.Object, java.lang.Object)'> (0x0000000710a164a0) 
thrown [./open/src/hotspot/share/interpreter/linkResolver.cpp, line 782]
Event: 0.254 Thread 0x000001abd3777740 Exception <a 'java/lang/NoSuchMethodError'{0x0000000710a3c7d0}: 'java.lang.Object java.lang.invoke.DirectMethodHandle$Holder.invokeStatic(java.lang.Object, int, java.lang.Object)'> (0x0000000710a3c7d0) 
thrown [./open/src/hotspot/share/interpreter/linkResolver.cpp, line 782]
Event: 0.266 Thread 0x000001abd3777740 Exception <a 'java/lang/ClassNotFoundException'{0x0000000710af4b40}: com/sun/swing/internal/plaf/metal/resources/spi/metalProvider> (0x0000000710af4b40) 
thrown [./open/src/hotspot/share/classfile/systemDictionary.cpp, line 295]
Event: 0.267 Thread 0x000001abd3777740 Exception <a 'java/lang/ClassNotFoundException'{0x0000000710af8b48}: com/sun/swing/internal/plaf/basic/resources/spi/basicProvider> (0x0000000710af8b48) 
thrown [./open/src/hotspot/share/classfile/systemDictionary.cpp, line 295]
Event: 0.286 Thread 0x000001abd3777740 Exception <a 'java/lang/NoSuchMethodError'{0x0000000710b45cf0}: 'void java.lang.invoke.DirectMethodHandle$Holder.invokeStaticInit(java.lang.Object)'> (0x0000000710b45cf0) 
thrown [./open/src/hotspot/share/interpreter/linkResolver.cpp, line 782]
Event: 0.318 Thread 0x000001abfa3088e0 Exception <a 'java/lang/NoSuchMethodError'{0x00000007109025a0}: 'void java.lang.invoke.DirectMethodHandle$Holder.invokeStaticInit(java.lang.Object, java.lang.Object)'> (0x00000007109025a0) 
thrown [./open/src/hotspot/share/interpreter/linkResolver.cpp, line 782]
Event: 0.322 Thread 0x000001abfa3088e0 Exception <a 'java/lang/NoSuchMethodError'{0x000000071092f750}: 'java.lang.Object java.lang.invoke.DirectMethodHandle$Holder.invokeStaticInit(java.lang.Object, int, int, int, int)'> (0x000000071092f750) 
thrown [./open/src/hotspot/share/interpreter/linkResolver.cpp, line 782]
Event: 0.385 Thread 0x000001abfa3088e0 Exception <a 'java/lang/NoSuchMethodError'{0x0000000710680240}: 'java.lang.Object java.lang.invoke.DirectMethodHandle$Holder.invokeStaticInit(java.lang.Object, java.lang.Object, int, int, int, int)'> (0x0000000710680240) 
thrown [./open/src/hotspot/share/interpreter/linkResolver.cpp, line 782]
Event: 0.412 Thread 0x000001abfa3088e0 Exception <a 'java/lang/NoSuchMethodError'{0x000000071073d9c0}: 'int java.lang.invoke.DirectMethodHandle$Holder.invokeSpecial(java.lang.Object, java.lang.Object, java.lang.Object)'> (0x000000071073d9c0) 
thrown [./open/src/hotspot/share/interpreter/linkResolver.cpp, line 782]
Event: 7.174 Thread 0x000001abfa3088e0 Implicit null exception at 0x000001abe4cf675f to 0x000001abe4cf6980

Events (20 events):
Event: 24.955 loading class sun/awt/AWTAccessor$MouseEventAccessor
Event: 24.955 loading class sun/awt/AWTAccessor$MouseEventAccessor done
Event: 24.955 loading class java/awt/event/MouseEvent$1 done
Event: 24.958 loading class java/awt/Cursor$CursorDisposer
Event: 24.958 loading class java/awt/Cursor$CursorDisposer done
Event: 24.959 loading class java/awt/event/MouseWheelEvent
Event: 24.959 loading class java/awt/event/MouseWheelEvent done
Event: 25.101 Loaded shared library C:\Users\1\.jdks\openjdk-15.0.2\bin\java.dll
Event: 25.405 Executing VM operation: HandshakeAllThreads
Event: 25.405 Executing VM operation: HandshakeAllThreads done
Event: 25.568 Thread 0x000001ab82fca360 Thread added: 0x000001ab82fca360
Event: 25.568 Thread 0x000001ab82fcbb70 Thread added: 0x000001ab82fcbb70
Event: 25.568 Thread 0x000001ab82fca830 Thread added: 0x000001ab82fca830
Event: 25.568 loading class java/util/WeakHashMap$KeyIterator
Event: 25.568 Thread 0x000001ab82fca830 Thread exited: 0x000001ab82fca830
Event: 25.568 loading class java/util/WeakHashMap$HashIterator
Event: 25.568 loading class java/util/WeakHashMap$HashIterator done
Event: 25.568 loading class java/util/WeakHashMap$KeyIterator done
Event: 25.568 Thread 0x000001ab82fca360 Thread exited: 0x000001ab82fca360
Event: 25.569 Thread 0x000001abfa304d40 Thread exited: 0x000001abfa304d40


Dynamic libraries:
0x00007ff7a7300000 - 0x00007ff7a730d000 	C:\Users\1\.jdks\openjdk-15.0.2\bin\java.exe
0x00007ff8e3540000 - 0x00007ff8e3730000 	C:\Windows\SYSTEM32\ntdll.dll
0x00007ff8a8da0000 - 0x00007ff8a8db2000 	C:\Program Files\AVAST Software\Avast\aswhook.dll
0x00007ff8e15f0000 - 0x00007ff8e16a2000 	C:\Windows\System32\KERNEL32.DLL
0x00007ff8e1290000 - 0x00007ff8e1535000 	C:\Windows\System32\KERNELBASE.dll
0x00007ff8e0990000 - 0x00007ff8e0a8a000 	C:\Windows\System32\ucrtbase.dll
0x00007ff8dccd0000 - 0x00007ff8dcce8000 	C:\Users\1\.jdks\openjdk-15.0.2\bin\jli.dll
0x00007ff8e23b0000 - 0x00007ff8e2544000 	C:\Windows\System32\USER32.dll
0x00007ff8e0960000 - 0x00007ff8e0981000 	C:\Windows\System32\win32u.dll
0x00007ff8e16b0000 - 0x00007ff8e16d6000 	C:\Windows\System32\GDI32.dll
0x00007ff8e0670000 - 0x00007ff8e0808000 	C:\Windows\System32\gdi32full.dll
0x00007ff8e0570000 - 0x00007ff8e060e000 	C:\Windows\System32\msvcp_win.dll
0x00007ff8cbce0000 - 0x00007ff8cbcf9000 	C:\Users\1\.jdks\openjdk-15.0.2\bin\VCRUNTIME140.dll
0x00007ff8ce790000 - 0x00007ff8cea14000 	C:\Windows\WinSxS\amd64_microsoft.windows.common-controls_6595b64144ccf1df_6.0.18362.1316_none_9e7a364fe461dbd7\COMCTL32.dll
0x00007ff8e1920000 - 0x00007ff8e19be000 	C:\Windows\System32\msvcrt.dll
0x00007ff8e2f60000 - 0x00007ff8e3297000 	C:\Windows\System32\combase.dll
0x00007ff8e1ee0000 - 0x00007ff8e1fff000 	C:\Windows\System32\RPCRT4.dll
0x00007ff8e04e0000 - 0x00007ff8e0561000 	C:\Windows\System32\bcryptPrimitives.dll
0x00007ff8e2730000 - 0x00007ff8e275e000 	C:\Windows\System32\IMM32.DLL
0x00007ff8dccc0000 - 0x00007ff8dcccc000 	C:\Users\1\.jdks\openjdk-15.0.2\bin\vcruntime140_1.dll
0x00007ff8ae8d0000 - 0x00007ff8ae961000 	C:\Users\1\.jdks\openjdk-15.0.2\bin\msvcp140.dll
0x00007ff85f000000 - 0x00007ff85fb5e000 	C:\Users\1\.jdks\openjdk-15.0.2\bin\server\jvm.dll
0x00007ff8e3450000 - 0x00007ff8e34f3000 	C:\Windows\System32\ADVAPI32.dll
0x00007ff8e2290000 - 0x00007ff8e2327000 	C:\Windows\System32\sechost.dll
0x00007ff8e16e0000 - 0x00007ff8e16e8000 	C:\Windows\System32\PSAPI.DLL
0x00007ff8cbd80000 - 0x00007ff8cbd89000 	C:\Windows\SYSTEM32\WSOCK32.dll
0x00007ff8e26b0000 - 0x00007ff8e271f000 	C:\Windows\System32\WS2_32.dll
0x00007ff8de330000 - 0x00007ff8de354000 	C:\Windows\SYSTEM32\WINMM.dll
0x00007ff8d9d10000 - 0x00007ff8d9d1a000 	C:\Windows\SYSTEM32\VERSION.dll
0x00007ff8de300000 - 0x00007ff8de32d000 	C:\Windows\SYSTEM32\WINMMBASE.dll
0x00007ff8e0ac0000 - 0x00007ff8e0b0a000 	C:\Windows\System32\cfgmgr32.dll
0x00007ff8e0420000 - 0x00007ff8e0431000 	C:\Windows\System32\kernel.appcore.dll
0x00007ff8d02e0000 - 0x00007ff8d02ea000 	C:\Users\1\.jdks\openjdk-15.0.2\bin\jimage.dll
0x00007ff8d6cb0000 - 0x00007ff8d6ea4000 	C:\Windows\SYSTEM32\DBGHELP.DLL
0x00007ff8d7bc0000 - 0x00007ff8d7bea000 	C:\Windows\SYSTEM32\dbgcore.DLL
0x00007ff8cf290000 - 0x00007ff8cf29e000 	C:\Users\1\.jdks\openjdk-15.0.2\bin\instrument.dll
0x00007ff8cbb90000 - 0x00007ff8cbbb5000 	C:\Users\1\.jdks\openjdk-15.0.2\bin\java.dll
0x00007ff8e27c0000 - 0x00007ff8e2ea8000 	C:\Windows\System32\SHELL32.dll
0x00007ff8e1e30000 - 0x00007ff8e1ed7000 	C:\Windows\System32\shcore.dll
0x00007ff8e0b10000 - 0x00007ff8e128b000 	C:\Windows\System32\windows.storage.dll
0x00007ff8e0440000 - 0x00007ff8e0463000 	C:\Windows\System32\profapi.dll
0x00007ff8e0470000 - 0x00007ff8e04ba000 	C:\Windows\System32\powrprof.dll
0x00007ff8e03f0000 - 0x00007ff8e0400000 	C:\Windows\System32\UMPDC.dll
0x00007ff8e2060000 - 0x00007ff8e20b2000 	C:\Windows\System32\shlwapi.dll
0x00007ff8e04c0000 - 0x00007ff8e04d7000 	C:\Windows\System32\cryptsp.dll
0x00007ff8cbaa0000 - 0x00007ff8cbab8000 	C:\Users\1\.jdks\openjdk-15.0.2\bin\zip.dll
0x00007ff8cbae0000 - 0x00007ff8cbaf9000 	C:\Users\1\.jdks\openjdk-15.0.2\bin\net.dll
0x00007ff8d6860000 - 0x00007ff8d6950000 	C:\Windows\SYSTEM32\WINHTTP.dll
0x00007ff8dfc30000 - 0x00007ff8dfc97000 	C:\Windows\system32\mswsock.dll
0x00007ff8cbac0000 - 0x00007ff8cbad2000 	C:\Users\1\.jdks\openjdk-15.0.2\bin\nio.dll
0x00007ff8cba40000 - 0x00007ff8cba5a000 	C:\Program Files\JetBrains\IntelliJ IDEA Community Edition 2020.2.1\bin\breakgen64.dll
0x00007ff899130000 - 0x00007ff8992af000 	C:\Users\1\.jdks\openjdk-15.0.2\bin\awt.dll
0x00007ff8e1850000 - 0x00007ff8e1915000 	C:\Windows\System32\OLEAUT32.dll
0x00007ff8de560000 - 0x00007ff8de5ef000 	C:\Windows\SYSTEM32\apphelp.dll
0x00007ff8deb60000 - 0x00007ff8deb8d000 	C:\Windows\system32\DWMAPI.DLL
0x00007ff8de740000 - 0x00007ff8de7d9000 	C:\Windows\system32\uxtheme.dll
0x00007ff87fac0000 - 0x00007ff87fc16000 	C:\Windows\system32\opengl32.dll
0x00007ff8886e0000 - 0x00007ff88870c000 	C:\Windows\SYSTEM32\GLU32.dll
0x00007ff8df0a0000 - 0x00007ff8df0c0000 	C:\Windows\SYSTEM32\dxcore.dll
0x00007ff8e2150000 - 0x00007ff8e2285000 	C:\Windows\System32\MSCTF.dll
0x00007ff8e2550000 - 0x00007ff8e26a7000 	C:\Windows\System32\ole32.dll
0x00007ff8e0400000 - 0x00007ff8e0412000 	C:\Windows\System32\msasn1.dll
0x00007ff8d93b0000 - 0x00007ff8d93df000 	C:\Windows\SYSTEM32\cryptnet.dll
0x00007ff8e0810000 - 0x00007ff8e095a000 	C:\Windows\System32\CRYPT32.dll
0x00007ff8dfe00000 - 0x00007ff8dfe0c000 	C:\Windows\SYSTEM32\cryptbase.dll
0x00007ff8e0610000 - 0x00007ff8e066c000 	C:\Windows\System32\WINTRUST.DLL
0x00007ff8e1830000 - 0x00007ff8e184d000 	C:\Windows\System32\imagehlp.dll
0x00007ff8df750000 - 0x00007ff8df783000 	C:\Windows\system32\rsaenh.dll
0x00007ff8e0a90000 - 0x00007ff8e0ab6000 	C:\Windows\System32\bcrypt.dll
0x00007ff88e610000 - 0x00007ff88e8c9000 	C:\Windows\system32\nvspcap64.dll
0x00007ff8df430000 - 0x00007ff8df461000 	C:\Windows\SYSTEM32\ntmarta.dll
0x00007ff8defe0000 - 0x00007ff8df002000 	C:\Windows\SYSTEM32\gpapi.dll
0x00007ff8b6a90000 - 0x00007ff8b6b15000 	C:\Users\1\.jdks\openjdk-15.0.2\bin\freetype.dll
0x00007ff89a080000 - 0x00007ff89a129000 	C:\Users\1\.jdks\openjdk-15.0.2\bin\fontmanager.dll
0x00007ff8d6ac0000 - 0x00007ff8d6b5d000 	C:\Windows\System32\TextInputFramework.dll
0x00007ff8dc270000 - 0x00007ff8dc59a000 	C:\Windows\System32\CoreUIComponents.dll
0x00007ff8de220000 - 0x00007ff8de2f4000 	C:\Windows\System32\CoreMessaging.dll
0x00007ff8dc080000 - 0x00007ff8dc1d2000 	C:\Windows\SYSTEM32\wintypes.dll
0x00007ff8e0310000 - 0x00007ff8e0335000 	C:\Windows\SYSTEM32\USERENV.dll
0x00007ff8df940000 - 0x00007ff8df97a000 	C:\Windows\SYSTEM32\IPHLPAPI.DLL
0x00007ff8e2720000 - 0x00007ff8e2728000 	C:\Windows\System32\NSI.dll
0x00007ff8d8be0000 - 0x00007ff8d8bf6000 	C:\Windows\SYSTEM32\dhcpcsvc6.DLL
0x00007ff8d8b50000 - 0x00007ff8d8b6c000 	C:\Windows\SYSTEM32\dhcpcsvc.DLL
0x00007ff8d5060000 - 0x00007ff8d5307000 	C:\Windows\System32\iertutil.dll
0x00007ff8df990000 - 0x00007ff8dfa5b000 	C:\Windows\SYSTEM32\DNSAPI.dll
0x00007ff8cd8c0000 - 0x00007ff8cd8d0000 	C:\Users\1\.jdks\openjdk-15.0.2\bin\verify.dll
0x00007ff8cace0000 - 0x00007ff8cacf1000 	C:\Users\1\.jdks\openjdk-15.0.2\bin\jsound.dll
0x00007ff8c4fb0000 - 0x00007ff8c5049000 	C:\Windows\SYSTEM32\DSOUND.dll
0x00007ff8e2eb0000 - 0x00007ff8e2f52000 	C:\Windows\System32\clbcatq.dll
0x00007ff8d9d20000 - 0x00007ff8d9d92000 	C:\Windows\System32\MMDevApi.dll
0x00007ff8e01d0000 - 0x00007ff8e01fa000 	C:\Windows\System32\DEVOBJ.dll
0x00007ff87d7c0000 - 0x00007ff87d804000 	C:\Windows\SYSTEM32\wdmaud.drv
0x00007ff8db640000 - 0x00007ff8db649000 	C:\Windows\SYSTEM32\ksuser.dll
0x00007ff8dc9f0000 - 0x00007ff8dc9fa000 	C:\Windows\SYSTEM32\AVRT.dll
0x00007ff8d9da0000 - 0x00007ff8d9efd000 	C:\Windows\SYSTEM32\AUDIOSES.DLL
0x00007ff8c3f00000 - 0x00007ff8c3f0d000 	C:\Windows\SYSTEM32\msacm32.drv
0x00007ff89dfe0000 - 0x00007ff89dffc000 	C:\Windows\SYSTEM32\MSACM32.dll
0x00007ff8c3510000 - 0x00007ff8c351a000 	C:\Windows\SYSTEM32\midimap.dll
0x00007ff8dea70000 - 0x00007ff8dea84000 	C:\Windows\SYSTEM32\resourcepolicyclient.dll

dbghelp: loaded successfully - version: 4.0.5 - missing functions: none
symbol engine: initialized successfully - sym options: 0x614 - pdb path: .;C:\Users\1\.jdks\openjdk-15.0.2\bin;C:\Windows\SYSTEM32;C:\Program Files\AVAST Software\Avast;C:\Windows\WinSxS\amd64_microsoft.windows.common-controls_6595b64144ccf1df_6.0.18362.1316_none_9e7a364fe461dbd7;C:\Users\1\.jdks\openjdk-15.0.2\bin\server;C:\Program Files\JetBrains\IntelliJ IDEA Community Edition 2020.2.1\bin;C:\Windows\System32\DriverStore\FileRepository\nv_dispi.inf_amd64_27246fb37cc30d24

VM Arguments:
jvm_args: -javaagent:C:\Program Files\JetBrains\IntelliJ IDEA Community Edition 2020.2.1\lib\idea_rt.jar=56904:C:\Program Files\JetBrains\IntelliJ IDEA Community Edition 2020.2.1\bin -Dfile.encoding=UTF-8 
java_command: com.neet.Main.Game
java_class_path (initial): C:\Users\1\IdeaProjects\Artifact\bin;C:\Users\1\IdeaProjects\Artifact\Libs\jl1.0.1.jar;C:\Users\1\IdeaProjects\Artifact\Libs\mp3spi1.9.5.jar;C:\Users\1\IdeaProjects\Artifact\Libs\tritonus_share.jar
Launcher Type: SUN_STANDARD

[Global flags]
     intx CICompilerCount                          = 4                                         {product} {ergonomic}
     uint ConcGCThreads                            = 2                                         {product} {ergonomic}
     uint G1ConcRefinementThreads                  = 8                                         {product} {ergonomic}
   size_t G1HeapRegionSize                         = 2097152                                   {product} {ergonomic}
    uintx GCDrainStackTargetSize                   = 64                                        {product} {ergonomic}
   size_t InitialHeapSize                          = 268435456                                 {product} {ergonomic}
   size_t MarkStackSize                            = 4194304                                   {product} {ergonomic}
   size_t MaxHeapSize                              = 4278190080                                {product} {ergonomic}
   size_t MaxNewSize                               = 2566914048                                {product} {ergonomic}
   size_t MinHeapDeltaBytes                        = 2097152                                   {product} {ergonomic}
   size_t MinHeapSize                              = 8388608                                   {product} {ergonomic}
    uintx NonNMethodCodeHeapSize                   = 5839372                                {pd product} {ergonomic}
    uintx NonProfiledCodeHeapSize                  = 122909434                              {pd product} {ergonomic}
    uintx ProfiledCodeHeapSize                     = 122909434                              {pd product} {ergonomic}
    uintx ReservedCodeCacheSize                    = 251658240                              {pd product} {ergonomic}
     bool SegmentedCodeCache                       = true                                      {product} {ergonomic}
   size_t SoftMaxHeapSize                          = 4278190080                             {manageable} {ergonomic}
     bool UseCompressedClassPointers               = true                                 {lp64_product} {ergonomic}
     bool UseCompressedOops                        = true                                 {lp64_product} {ergonomic}
     bool UseG1GC                                  = true                                      {product} {ergonomic}
     bool UseLargePagesIndividualAllocation        = false                                  {pd product} {ergonomic}

Logging:
Log output configuration:
 #0: stdout all=warning uptime,level,tags
 #1: stderr all=off uptime,level,tags

Environment Variables:
PATH=C:\Program Files (x86)\Razer Chroma SDK\bin;C:\Program Files\Razer Chroma SDK\bin;C:\Program Files (x86)\Razer\ChromaBroadcast\bin;C:\Program Files\Razer\ChromaBroadcast\bin;C:\Windows\system32;C:\Windows;C:\Windows\System32\Wbem;C:\Windows\System32\WindowsPowerShell\v1.0\;C:\Windows\System32\OpenSSH\;C:\Program Files (x86)\NVIDIA Corporation\PhysX\Common;C:\Program Files\NVIDIA Corporation\NVIDIA NvDLISR;C:\Users\1\AppData\Local\Microsoft\WindowsApps;C:\Program Files\dotnet\;C:\Users\1\AppData\Local\Programs\Python\Python37\Scripts\;C:\Users\1\AppData\Local\Programs\Python\Python37\;C:\Users\1\AppData\Local\Microsoft\WindowsApps;C:\Users\1\.dotnet\tools
USERNAME=1
OS=Windows_NT
PROCESSOR_IDENTIFIER=Intel64 Family 6 Model 158 Stepping 12, GenuineIntel



---------------  S Y S T E M  ---------------

OS:
 Windows 10 , 64 bit Build 18362 (10.0.18362.1316)
OS uptime: 0 days 18:48 hours

CPU: total 8 (initial active 8) (8 cores per cpu, 1 threads per core) family 6 model 158 stepping 12 microcode 0xae, cmov, cx8, fxsr, mmx, sse, sse2, sse3, ssse3, sse4.1, sse4.2, popcnt, vzeroupper, avx, avx2, aes, clmul, erms, rtm, 3dnowpref, lzcnt, tsc, tscinvbit, bmi1, bmi2, adx, fma, clflush, clflushopt

Memory: 4k page, system-wide physical 16318M (7876M free)
TotalPageFile size 18750M (AvailPageFile size 4698M)
current process WorkingSet (physical memory assigned to process): 169M, peak: 208M
current process commit charge ("private bytes"): 384M, peak: 423M

vm_info: OpenJDK 64-Bit Server VM (15.0.2+7-27) for windows-amd64 JRE (15.0.2+7-27), built on Dec  7 2020 20:02:38 by "mach5one" with unknown MS VC++:1925

END.
